<?xml version="1.0" encoding="UTF-8"?>
<!-- Generated by org.testng.reporters.JUnitReportReporter -->
<testsuite hostname="LAPTOP-OJKBNC4S" failures="0" tests="7" name="testngAssignments.DemoTest" time="29.926" errors="0" timestamp="21 Mar 2022 23:56:34 GMT" skipped="0">
  <testcase classname="testngAssignments.DemoTest" name="myAffiliateAccountTest" time="4.002"/>
  <testcase classname="testngAssignments.DemoTest" name="newsletterTest" time="4.038"/>
  <testcase classname="testngAssignments.DemoTest" name="logoutTest" time="3.967"/>
  <testcase classname="testngAssignments.DemoTest" name="accountloginTest" time="5.190"/>
  <testcase classname="testngAssignments.DemoTest" name="myOrdersTest" time="4.041"/>
  <testcase classname="testngAssignments.DemoTest" name="itemsTest" time="4.655"/>
  <testcase classname="testngAssignments.DemoTest" name="myAccountTest" time="4.033"/>
</testsuite> <!-- testngAssignments.DemoTest -->
