<?xml version="1.0" encoding="UTF-8"?>
<!-- Generated by org.testng.reporters.JUnitReportReporter -->
<testsuite hostname="LAPTOP-OJKBNC4S" failures="0" tests="3" name="testngSessions.DemoOpenCartTest" time="8.251" errors="0" timestamp="07 Apr 2022 08:32:02 GMT" skipped="0">
  <testcase classname="testngSessions.DemoOpenCartTest" name="titleTest" time="2.878"/>
  <testcase classname="testngSessions.DemoOpenCartTest" name="searchTest" time="2.665"/>
  <testcase classname="testngSessions.DemoOpenCartTest" name="urlTest" time="2.708"/>
</testsuite> <!-- testngSessions.DemoOpenCartTest -->
