<?xml version="1.0" encoding="UTF-8"?>
<!-- Generated by org.testng.reporters.JUnitReportReporter -->
<testsuite hostname="LAPTOP-OJKBNC4S" failures="0" tests="12" name="testngSessions.InvocationCountConcept" time="0.023" errors="0" timestamp="22 Mar 2022 18:10:09 GMT" skipped="0">
  <testcase classname="testngSessions.InvocationCountConcept" name="HomePageTest" time="0.009"/>
  <testcase classname="testngSessions.InvocationCountConcept" name="HomePageTest" time="0.003"/>
  <testcase classname="testngSessions.InvocationCountConcept" name="loginTest" time="0.001"/>
  <testcase classname="testngSessions.InvocationCountConcept" name="loginTest" time="0.001"/>
  <testcase classname="testngSessions.InvocationCountConcept" name="loginTest" time="0.001"/>
  <testcase classname="testngSessions.InvocationCountConcept" name="loginTest" time="0.000"/>
  <testcase classname="testngSessions.InvocationCountConcept" name="loginTest" time="0.001"/>
  <testcase classname="testngSessions.InvocationCountConcept" name="loginTest" time="0.001"/>
  <testcase classname="testngSessions.InvocationCountConcept" name="loginTest" time="0.003"/>
  <testcase classname="testngSessions.InvocationCountConcept" name="loginTest" time="0.001"/>
  <testcase classname="testngSessions.InvocationCountConcept" name="loginTest" time="0.001"/>
  <testcase classname="testngSessions.InvocationCountConcept" name="loginTest" time="0.001"/>
</testsuite> <!-- testngSessions.InvocationCountConcept -->
