<?xml version="1.0" encoding="UTF-8"?>
<!-- Generated by org.testng.reporters.JUnitReportReporter -->
<testsuite hostname="LAPTOP-OJKBNC4S" failures="0" tests="3" name="testngSessions.AmazonTestBM" time="12.027" errors="0" timestamp="07 Apr 2022 08:32:02 GMT" skipped="0">
  <testcase classname="testngSessions.AmazonTestBM" name="searchTest" time="3.487"/>
  <testcase classname="testngSessions.AmazonTestBM" name="urlTest" time="3.317"/>
  <testcase classname="testngSessions.AmazonTestBM" name="titleTest" time="5.223"/>
</testsuite> <!-- testngSessions.AmazonTestBM -->
