<?xml version="1.0" encoding="UTF-8"?>
<!-- Generated by org.testng.reporters.JUnitReportReporter -->
<testsuite hostname="LAPTOP-OJKBNC4S" failures="0" tests="1" name="testngSessions.MyTest" time="0.008" errors="0" timestamp="21 Mar 2022 17:27:48 GMT" skipped="0">
  <testcase classname="testngSessions.MyTest" name="test1" time="0.008"/>
</testsuite> <!-- testngSessions.MyTest -->
