<?xml version="1.0" encoding="UTF-8"?>
<!-- Generated by org.testng.reporters.JUnitReportReporter -->
<testsuite hostname="LAPTOP-OJKBNC4S" failures="0" tests="7" name="testngAssignments.DemoOpenCartMethodTest" time="1.662" errors="0" timestamp="22 Mar 2022 00:23:04 GMT" skipped="0">
  <testcase classname="testngAssignments.DemoOpenCartMethodTest" name="newsletterTest" time="0.022"/>
  <testcase classname="testngAssignments.DemoOpenCartMethodTest" name="itemsTest" time="0.045"/>
  <testcase classname="testngAssignments.DemoOpenCartMethodTest" name="myOrdersTest" time="0.020"/>
  <testcase classname="testngAssignments.DemoOpenCartMethodTest" name="accountloginTest" time="1.499"/>
  <testcase classname="testngAssignments.DemoOpenCartMethodTest" name="logoutTest" time="0.028"/>
  <testcase classname="testngAssignments.DemoOpenCartMethodTest" name="myAccountTest" time="0.026"/>
  <testcase classname="testngAssignments.DemoOpenCartMethodTest" name="myAffiliateAccountTest" time="0.022"/>
</testsuite> <!-- testngAssignments.DemoOpenCartMethodTest -->
