<?xml version="1.0" encoding="UTF-8"?>
<!-- Generated by org.testng.reporters.JUnitReportReporter -->
<testsuite hostname="LAPTOP-OJKBNC4S" failures="0" tests="3" name="testngSessions.AppTest" time="0.007" errors="0" timestamp="21 Mar 2022 17:19:28 GMT" skipped="0">
  <testcase classname="testngSessions.AppTest" name="isUserLoggedInTestTest" time="0.001"/>
  <testcase classname="testngSessions.AppTest" name="titleTest" time="0.002"/>
  <testcase classname="testngSessions.AppTest" name="headerTest" time="0.004"/>
</testsuite> <!-- testngSessions.AppTest -->
