<?xml version="1.0" encoding="UTF-8"?>
<!-- Generated by org.testng.reporters.JUnitReportReporter -->
<testsuite hostname="LAPTOP-OJKBNC4S" failures="0" tests="1" name="testngSessions.ExpectedExcetionConcept" time="0.017" errors="0" timestamp="22 Mar 2022 17:34:17 GMT" skipped="0">
  <testcase classname="testngSessions.ExpectedExcetionConcept" name="loginTest" time="0.017"/>
</testsuite> <!-- testngSessions.ExpectedExcetionConcept -->
