<?xml version="1.0" encoding="UTF-8"?>
<!-- Generated by org.testng.reporters.JUnitReportReporter -->
<testsuite hostname="LAPTOP-OJKBNC4S" failures="0" tests="7" name="testngSessions.PriorityTest" time="0.018" errors="0" timestamp="22 Mar 2022 17:18:01 GMT" skipped="0">
  <testcase classname="testngSessions.PriorityTest" name="e_test" time="0.011"/>
  <testcase classname="testngSessions.PriorityTest" name="d_test" time="0.002"/>
  <testcase classname="testngSessions.PriorityTest" name="f_test" time="0.001"/>
  <testcase classname="testngSessions.PriorityTest" name="c_test" time="0.001"/>
  <testcase classname="testngSessions.PriorityTest" name="b_test" time="0.001"/>
  <testcase classname="testngSessions.PriorityTest" name="a_test" time="0.002"/>
  <testcase classname="testngSessions.PriorityTest" name="g_test" time="0.000"/>
</testsuite> <!-- testngSessions.PriorityTest -->
