<?xml version="1.0" encoding="UTF-8"?>
<!-- Generated by org.testng.reporters.JUnitReportReporter -->
<testsuite hostname="LAPTOP-OJKBNC4S" failures="0" tests="7" name="testngAssignments.DemoOpenCartTest" time="39.275" errors="0" timestamp="22 Mar 2022 02:18:51 GMT" skipped="0">
  <testcase classname="testngAssignments.DemoOpenCartTest" name="itemsTest" time="6.007"/>
  <testcase classname="testngAssignments.DemoOpenCartTest" name="newsletterTest" time="4.459"/>
  <testcase classname="testngAssignments.DemoOpenCartTest" name="myOrdersTest" time="4.590"/>
  <testcase classname="testngAssignments.DemoOpenCartTest" name="logoutTest" time="4.902"/>
  <testcase classname="testngAssignments.DemoOpenCartTest" name="myAccountTest" time="8.239"/>
  <testcase classname="testngAssignments.DemoOpenCartTest" name="accountloginTest" time="5.735"/>
  <testcase classname="testngAssignments.DemoOpenCartTest" name="myAffiliateAccountTest" time="5.343"/>
</testsuite> <!-- testngAssignments.DemoOpenCartTest -->
